<?xml version="1.0" encoding="UTF-8" ?>
<testsuite tests="1" failures="0" name="pizzagame.context.GoPlayTest" time="0.143" errors="0" skipped="0">
  <properties>
    <property name="idea.version" value="2016.3"/>
    <property name="java.runtime.name" value="OpenJDK Runtime Environment"/>
    <property name="sun.boot.library.path" value="M:\Program Files (x86)\JetBrains\IntelliJ IDEA Community Edition 2016.3\jre\jre\bin"/>
    <property name="java.vm.version" value="25.112-b2"/>
    <property name="java.vm.vendor" value="JetBrains s.r.o"/>
    <property name="maven.multiModuleProjectDirectory" value="C:\Users\cg07981\Documents\Sviluppo\IntelliJ-Repository\pizzagame"/>
    <property name="java.vendor.url" value="https://www.jetbrains.com/"/>
    <property name="path.separator" value=";"/>
    <property name="guice.disable.misplaced.annotation.check" value="true"/>
    <property name="java.vm.name" value="OpenJDK Server VM"/>
    <property name="file.encoding.pkg" value="sun.io"/>
    <property name="idea.launcher.port" value="7538"/>
    <property name="user.script" value=""/>
    <property name="user.country" value="IT"/>
    <property name="sun.java.launcher" value="SUN_STANDARD"/>
    <property name="sun.os.patch.level" value="Service Pack 1"/>
    <property name="java.vm.specification.name" value="Java Virtual Machine Specification"/>
    <property name="user.dir" value="C:\Users\cg07981\Documents\Sviluppo\IntelliJ-Repository\pizzagame"/>
    <property name="java.runtime.version" value="1.8.0_112-release-408-b2"/>
    <property name="java.awt.graphicsenv" value="sun.awt.Win32GraphicsEnvironment"/>
    <property name="java.endorsed.dirs" value="M:\Program Files (x86)\JetBrains\IntelliJ IDEA Community Edition 2016.3\jre\jre\lib\endorsed"/>
    <property name="os.arch" value="x86"/>
    <property name="java.io.tmpdir" value="C:\Users\cg07981\AppData\Local\Temp\"/>
    <property name="line.separator" value="
"/>
    <property name="java.vm.specification.vendor" value="Oracle Corporation"/>
    <property name="user.variant" value=""/>
    <property name="os.name" value="Windows 7"/>
    <property name="classworlds.conf" value="M:\Program Files (x86)\JetBrains\IntelliJ IDEA Community Edition 2016.3\plugins\maven\lib\maven3\bin\m2.conf"/>
    <property name="sun.jnu.encoding" value="Cp1252"/>
    <property name="java.library.path" value="M:\Program Files (x86)\JetBrains\IntelliJ IDEA Community Edition 2016.3\jre\jre\bin;C:\windows\Sun\Java\bin;C:\windows\system32;C:\windows;C:\ProgramData\Oracle\Java\javapath;C:\app\Corelli\product\11.2.0\client_1\bin;C:\app\ORA11-64\product\11.2.0\client_1\bin;C:\app\ORA11-32\product\11.2.0\client_1\bin;C:\Program Files (x86)\Intel\iCLS Client\;C:\Program Files\Intel\iCLS Client\;C:\windows\system32;C:\windows;C:\windows\System32\Wbem;C:\windows\System32\WindowsPowerShell\v1.0\;C:\Program Files\Intel\Intel(R) Management Engine Components\DAL;C:\Program Files (x86)\Intel\Intel(R) Management Engine Components\DAL;C:\Program Files\Intel\Intel(R) Management Engine Components\IPT;C:\Program Files (x86)\Intel\Intel(R) Management Engine Components\IPT;C:\Program Files (x86)\Skype\Phone\;M:\Program Files\Git\cmd;."/>
    <property name="java.specification.name" value="Java Platform API Specification"/>
    <property name="java.class.version" value="52.0"/>
    <property name="sun.management.compiler" value="HotSpot Tiered Compilers"/>
    <property name="maven.repo.local" value="C:\Deploy_Home\decanter\repository"/>
    <property name="os.version" value="6.1"/>
    <property name="user.home" value="C:\Users\cg07981"/>
    <property name="user.timezone" value="Europe/Berlin"/>
    <property name="java.awt.printerjob" value="sun.awt.windows.WPrinterJob"/>
    <property name="java.specification.version" value="1.8"/>
    <property name="idea.launcher.bin.path" value="M:\Program Files (x86)\JetBrains\IntelliJ IDEA Community Edition 2016.3\bin"/>
    <property name="file.encoding" value="windows-1252"/>
    <property name="user.name" value="cg07981"/>
    <property name="java.class.path" value="M:\Program Files (x86)\JetBrains\IntelliJ IDEA Community Edition 2016.3\plugins\maven\lib\maven3\boot\plexus-classworlds-2.5.2.jar;M:\Program Files (x86)\JetBrains\IntelliJ IDEA Community Edition 2016.3\lib\idea_rt.jar"/>
    <property name="java.vm.specification.version" value="1.8"/>
    <property name="sun.arch.data.model" value="32"/>
    <property name="java.home" value="M:\Program Files (x86)\JetBrains\IntelliJ IDEA Community Edition 2016.3\jre\jre"/>
    <property name="sun.java.command" value="com.intellij.rt.execution.application.AppMain org.codehaus.classworlds.Launcher -Didea.version=2016.3 -s C:\Deploy_Home\decanter\settings.xml -Dmaven.repo.local=C:\Deploy_Home\decanter\repository package"/>
    <property name="java.specification.vendor" value="Oracle Corporation"/>
    <property name="user.language" value="it"/>
    <property name="awt.toolkit" value="sun.awt.windows.WToolkit"/>
    <property name="java.vm.info" value="mixed mode"/>
    <property name="java.version" value="1.8.0_112-release"/>
    <property name="java.ext.dirs" value="M:\Program Files (x86)\JetBrains\IntelliJ IDEA Community Edition 2016.3\jre\jre\lib\ext;C:\windows\Sun\Java\lib\ext"/>
    <property name="sun.boot.class.path" value="M:\Program Files (x86)\JetBrains\IntelliJ IDEA Community Edition 2016.3\jre\jre\lib\resources.jar;M:\Program Files (x86)\JetBrains\IntelliJ IDEA Community Edition 2016.3\jre\jre\lib\rt.jar;M:\Program Files (x86)\JetBrains\IntelliJ IDEA Community Edition 2016.3\jre\jre\lib\sunrsasign.jar;M:\Program Files (x86)\JetBrains\IntelliJ IDEA Community Edition 2016.3\jre\jre\lib\jsse.jar;M:\Program Files (x86)\JetBrains\IntelliJ IDEA Community Edition 2016.3\jre\jre\lib\jce.jar;M:\Program Files (x86)\JetBrains\IntelliJ IDEA Community Edition 2016.3\jre\jre\lib\charsets.jar;M:\Program Files (x86)\JetBrains\IntelliJ IDEA Community Edition 2016.3\jre\jre\lib\jfr.jar;M:\Program Files (x86)\JetBrains\IntelliJ IDEA Community Edition 2016.3\jre\jre\classes"/>
    <property name="java.vendor" value="JetBrains s.r.o"/>
    <property name="maven.home" value="M:\Program Files (x86)\JetBrains\IntelliJ IDEA Community Edition 2016.3\plugins\maven\lib\maven3"/>
    <property name="file.separator" value="\"/>
    <property name="java.vendor.url.bug" value="https://youtrack.jetbrains.com"/>
    <property name="sun.cpu.endian" value="little"/>
    <property name="sun.io.unicode.encoding" value="UnicodeLittle"/>
    <property name="sun.desktop" value="windows"/>
    <property name="sun.cpu.isalist" value="pentium_pro+mmx pentium_pro pentium+mmx pentium i486 i386 i86"/>
  </properties>
  <testcase classname="pizzagame.context.GoPlayTest" name="play" time="0.143"/>
</testsuite>